<?xml version="1.0" encoding="UTF-8"?>
<testng-results ignored="0" total="1" passed="1" failed="0" skipped="0">
  <reporter-output>
  </reporter-output>
  <suite started-at="2021-05-12T16:41:20 IST" name="Default Suite" finished-at="2021-05-12T16:42:20 IST" duration-ms="60212">
    <groups>
    </groups>
    <test started-at="2021-05-12T16:41:20 IST" name="SocialUmComposePageObjects.java" finished-at="2021-05-12T16:42:20 IST" duration-ms="60212">
      <class name="Test.LHAdminRegression">
        <test-method is-config="true" signature="sheetData()[pri:0, instance:Test.LHAdminRegression@5762806e]" started-at="2021-05-12T16:40:47 IST" name="sheetData" finished-at="2021-05-12T16:41:20 IST" duration-ms="32938" status="PASS">
          <reporter-output>
          </reporter-output>
        </test-method> <!-- sheetData -->
        <test-method is-config="true" signature="openBrowser()[pri:0, instance:Test.LHAdminRegression@5762806e]" started-at="2021-05-12T16:41:20 IST" name="openBrowser" finished-at="2021-05-12T16:41:37 IST" duration-ms="17224" status="PASS">
          <reporter-output>
          </reporter-output>
        </test-method> <!-- openBrowser -->
        <test-method signature="Login()[pri:0, instance:Test.LHAdminRegression@5762806e]" started-at="2021-05-12T16:41:37 IST" name="Login" finished-at="2021-05-12T16:42:19 IST" duration-ms="42160" status="PASS">
          <reporter-output>
          </reporter-output>
        </test-method> <!-- Login -->
        <test-method is-config="true" signature="closeBrowser()[pri:0, instance:Test.LHAdminRegression@5762806e]" started-at="2021-05-12T16:42:19 IST" name="closeBrowser" finished-at="2021-05-12T16:42:20 IST" duration-ms="764" status="PASS">
          <reporter-output>
          </reporter-output>
        </test-method> <!-- closeBrowser -->
      </class> <!-- Test.LHAdminRegression -->
    </test> <!-- SocialUmComposePageObjects.java -->
  </suite> <!-- Default Suite -->
</testng-results>
